{"message":"sending success payment pi_1ImlNaLNjSaTJ8R67TroVb9u","level":"info","service":"credit-gifting-service"}
{"message":"sending success payment pi_1ImlOWLNjSaTJ8R6nLGOA7oT","level":"info","service":"credit-gifting-service"}
{"message":"sending success payment pi_1ImlQELNjSaTJ8R6fxLqs8z3","level":"info","service":"credit-gifting-service"}
{"message":"sending success payment pi_1ImlSGLNjSaTJ8R6H9B3U1tx","level":"info","service":"credit-gifting-service"}
{"message":"sending success payment pi_1ImlTXLNjSaTJ8R6SPzt6hGb","level":"info","service":"credit-gifting-service"}
{"message":"sending success payment pi_1ImlUjLNjSaTJ8R6ERxtkgOn","level":"info","service":"credit-gifting-service"}
{"message":"sending success payment pi_1Imlu5LNjSaTJ8R6Kh82mfAQ","level":"info","service":"credit-gifting-service"}
{"message":"sending success payment pi_1Imlx1LNjSaTJ8R61wywb61R","level":"info","service":"credit-gifting-service"}
{"message":"sending success payment pi_1Imm1HLNjSaTJ8R6jcUnLPO0","level":"info","service":"credit-gifting-service"}
{"message":"error in sending success email Error: SQLITE_BUSY: database is locked","level":"error","service":"credit-gifting-service"}
{"message":"sending success payment pi_1Imm2RLNjSaTJ8R6kA2UQaVR","level":"info","service":"credit-gifting-service"}
{"message":"error in sending success email Error: SQLITE_BUSY: database is locked","level":"error","service":"credit-gifting-service"}
{"message":"sending success payment pi_1Imm2qLNjSaTJ8R6tRx0RDzl","level":"info","service":"credit-gifting-service"}
{"message":"sending success payment pi_1InYfMLNjSaTJ8R6t2i1dibt","level":"info","service":"credit-gifting-service"}
{"message":"sending success payment pi_1InYoiLNjSaTJ8R6juaFrLBv","level":"info","service":"credit-gifting-service"}
{"message":"sending success payment pi_1InYq6LNjSaTJ8R6NSsStAcr","level":"info","service":"credit-gifting-service"}
{"message":"sending success payment pi_1InZ10LNjSaTJ8R67HZDEmbD","level":"info","service":"credit-gifting-service"}
{"message":"sending success payment pi_1InZ48LNjSaTJ8R6Dzplmsox","level":"info","service":"credit-gifting-service"}
{"message":"sending success payment pi_1InZ5WLNjSaTJ8R6pRWSniAr","level":"info","service":"credit-gifting-service"}
{"message":"sending success payment pi_1InZHYLUYOg1hpmQTUI7TS6Y","level":"info","service":"credit-gifting-service"}
{"message":"sending success payment pi_1InZPaLUYOg1hpmQlheO7f9O","level":"info","service":"credit-gifting-service"}
{"message":"sending success payment pi_1Ina2ULUYOg1hpmQDa63YcDF","level":"info","service":"credit-gifting-service"}
{"message":"sending success payment pi_1Ina2mLUYOg1hpmQNkVkMSM7","level":"info","service":"credit-gifting-service"}
{"message":"sending success payment pi_1Ina7TLUYOg1hpmQjmE7rADe","level":"info","service":"credit-gifting-service"}
{"message":"sending success payment pi_1Ina8WLUYOg1hpmQ5emufSZj","level":"info","service":"credit-gifting-service"}
{"message":"sending success payment pi_1InbDCLUYOg1hpmQgdS6gn02","level":"info","service":"credit-gifting-service"}
{"message":"sending success payment pi_1InngULUYOg1hpmQGKiwMblc","level":"info","service":"credit-gifting-service"}
{"message":"sending success payment pi_1InnjPLUYOg1hpmQVXAHv8sT","level":"info","service":"credit-gifting-service"}
{"message":"sending success payment pi_1InpM9LUYOg1hpmQ91AmpSyN","level":"info","service":"credit-gifting-service"}
{"message":"sending success payment pi_1InquwLUYOg1hpmQZJi1RgIc","level":"info","service":"credit-gifting-service"}
{"message":"sending success payment pi_1Ins11LUYOg1hpmQBQ1xAhCb","level":"info","service":"credit-gifting-service"}
{"message":"sending success payment pi_1InsHqLUYOg1hpmQdG9Rvsar","level":"info","service":"credit-gifting-service"}
{"message":"sending success payment pi_1InsY7LUYOg1hpmQrjfwZgbv","level":"info","service":"credit-gifting-service"}
{"message":"sending success payment pi_1InuJxLUYOg1hpmQzFhd7Fkg","level":"info","service":"credit-gifting-service"}
{"message":"sending success payment pi_1Inv0mLUYOg1hpmQjlRUC5nA","level":"info","service":"credit-gifting-service"}
{"message":"sending success payment pi_1InvdKLUYOg1hpmQmozkawoE","level":"info","service":"credit-gifting-service"}
{"message":"sending success payment pi_1InyCnLUYOg1hpmQeBtrgn2W","level":"info","service":"credit-gifting-service"}
{"message":"sending success payment pi_1InywrLUYOg1hpmQ8B7Ao0D1","level":"info","service":"credit-gifting-service"}
{"message":"sending success payment pi_1Io8BQLUYOg1hpmQplaDVFfY","level":"info","service":"credit-gifting-service"}
{"message":"sending success payment pi_1Io8DTLUYOg1hpmQHwdmRxfL","level":"info","service":"credit-gifting-service"}
{"message":"sending success payment pi_1Io9iOLUYOg1hpmQ3fgd8kSe","level":"info","service":"credit-gifting-service"}
{"message":"sending success payment pi_1IoABpLUYOg1hpmQeX2lCpsX","level":"info","service":"credit-gifting-service"}
{"message":"sending success payment pi_1IoATPLUYOg1hpmQRWSZtPlf","level":"info","service":"credit-gifting-service"}
{"message":"sending success payment pi_1IoBTuLUYOg1hpmQhEqHQj2R","level":"info","service":"credit-gifting-service"}
{"message":"sending success payment pi_1IoG6qLUYOg1hpmQgeMRIpeG","level":"info","service":"credit-gifting-service"}
{"message":"sending success payment pi_1IoGnVLUYOg1hpmQEBvGp2HG","level":"info","service":"credit-gifting-service"}
{"message":"sending success payment pi_1IoH4nLUYOg1hpmQZV6H54wc","level":"info","service":"credit-gifting-service"}
{"message":"sending success payment pi_1IoI7PLUYOg1hpmQagi3DkIC","level":"info","service":"credit-gifting-service"}
{"message":"sending success payment pi_1IoIogLUYOg1hpmQhOJiTZne","level":"info","service":"credit-gifting-service"}
{"message":"sending success payment pi_1IoIthLUYOg1hpmQU9QRTXWP","level":"info","service":"credit-gifting-service"}
{"message":"sending success payment pi_1IoKg7LUYOg1hpmQAQQ3sZqN","level":"info","service":"credit-gifting-service"}
{"message":"sending success payment pi_1IoS7jLUYOg1hpmQYQHgGQnQ","level":"info","service":"credit-gifting-service"}
{"message":"sending success payment pi_1IoVO3LUYOg1hpmQhDCZnBIh","level":"info","service":"credit-gifting-service"}
{"message":"sending success payment pi_1IoXGhLUYOg1hpmQ6VYIQdL4","level":"info","service":"credit-gifting-service"}
{"message":"sending success payment pi_1IoczwLUYOg1hpmQfG20a9Ec","level":"info","service":"credit-gifting-service"}
{"message":"sending success payment pi_1IofDrLUYOg1hpmQ3UAf7MU1","level":"info","service":"credit-gifting-service"}
{"message":"sending success payment pi_1Ioh8ZLUYOg1hpmQ3scg4aWo","level":"info","service":"credit-gifting-service"}
{"message":"sending success payment pi_1IotPvLUYOg1hpmQC5fLHchW","level":"info","service":"credit-gifting-service"}
{"message":"sending success payment pi_1Iou34LUYOg1hpmQBPMhoWSq","level":"info","service":"credit-gifting-service"}
{"message":"sending success payment pi_1IouhFLUYOg1hpmQxOWnIkGb","level":"info","service":"credit-gifting-service"}
{"message":"sending success payment pi_1IoupvLUYOg1hpmQN1eqYUTF","level":"info","service":"credit-gifting-service"}
{"message":"sending success payment pi_1Ip0VJLUYOg1hpmQt6vVnFry","level":"info","service":"credit-gifting-service"}
{"message":"sending success payment pi_1Ip21lLUYOg1hpmQZ11VWWZz","level":"info","service":"credit-gifting-service"}
{"message":"sending success payment pi_1Ip90ULUYOg1hpmQV056QyB8","level":"info","service":"credit-gifting-service"}
{"message":"sending success payment pi_1IpHNXLUYOg1hpmQjGTVq9kc","level":"info","service":"credit-gifting-service"}
{"message":"sending success payment pi_1IpL3aLUYOg1hpmQhkwK54KC","level":"info","service":"credit-gifting-service"}
{"message":"sending success payment pi_1IpMXuLUYOg1hpmQOszGnUiN","level":"info","service":"credit-gifting-service"}
{"message":"sending success payment pi_1IpYLLLUYOg1hpmQCRRRoxZ7","level":"info","service":"credit-gifting-service"}
{"message":"sending success payment pi_1IpZDuLUYOg1hpmQrqhsD6jg","level":"info","service":"credit-gifting-service"}
{"message":"sending success payment pi_1IpiiNLUYOg1hpmQjquo9rjz","level":"info","service":"credit-gifting-service"}
{"message":"sending success payment pi_1IpjuLLUYOg1hpmQiblgCvN3","level":"info","service":"credit-gifting-service"}
{"message":"sending success payment pi_1IpoWCLUYOg1hpmQGV761znt","level":"info","service":"credit-gifting-service"}
{"message":"sending success payment pi_1IpyhkLUYOg1hpmQl7iAlMuK","level":"info","service":"credit-gifting-service"}
{"message":"sending success payment pi_1IpyulLUYOg1hpmQWT0vTAsI","level":"info","service":"credit-gifting-service"}
{"message":"sending success payment pi_1Iq0ePLUYOg1hpmQDgk7GclR","level":"info","service":"credit-gifting-service"}
{"message":"sending success payment pi_1Iq2PXLUYOg1hpmQ9C05Cae0","level":"info","service":"credit-gifting-service"}
{"message":"sending success payment pi_1Iq4XZLUYOg1hpmQjRNFCUmg","level":"info","service":"credit-gifting-service"}
{"message":"sending success payment pi_1Iq5ZGLUYOg1hpmQ3rpnumFu","level":"info","service":"credit-gifting-service"}
{"message":"sending success payment pi_1Iq5fiLUYOg1hpmQt7eUhubI","level":"info","service":"credit-gifting-service"}
{"message":"sending success payment pi_1Iq8b0LUYOg1hpmQKfZCLGeB","level":"info","service":"credit-gifting-service"}
{"message":"sending success payment pi_1IqEjzLUYOg1hpmQpgOOrWYe","level":"info","service":"credit-gifting-service"}
{"message":"sending success payment pi_1IqPAbLUYOg1hpmQnYWsa7kL","level":"info","service":"credit-gifting-service"}
{"message":"sending success payment pi_1Iqg1RLUYOg1hpmQVQDlqvYJ","level":"info","service":"credit-gifting-service"}
{"message":"sending success payment pi_1Iqgp1LUYOg1hpmQacWrl689","level":"info","service":"credit-gifting-service"}
{"message":"sending success payment pi_1IqkIzLUYOg1hpmQ7Or3S0A8","level":"info","service":"credit-gifting-service"}
{"message":"sending success payment pi_1IqlL3LUYOg1hpmQ9C8iR0NS","level":"info","service":"credit-gifting-service"}
{"message":"sending success payment pi_1IqlXQLUYOg1hpmQCQzG1959","level":"info","service":"credit-gifting-service"}
{"message":"sending success payment pi_1IqoZsLUYOg1hpmQDPAPxHb6","level":"info","service":"credit-gifting-service"}
{"message":"sending success payment pi_1Iqp4yLUYOg1hpmQLpnYH09z","level":"info","service":"credit-gifting-service"}
{"message":"sending success payment pi_1IqpOpLUYOg1hpmQq4lQFcIZ","level":"info","service":"credit-gifting-service"}
{"message":"sending success payment pi_1IqpSiLUYOg1hpmQuRJd97z5","level":"info","service":"credit-gifting-service"}
{"message":"sending success payment pi_1IqpnDLUYOg1hpmQXW1TRd9U","level":"info","service":"credit-gifting-service"}
{"message":"sending success payment pi_1IqpuALUYOg1hpmQJwIRNaAe","level":"info","service":"credit-gifting-service"}
{"message":"sending success payment pi_1Iqq2tLUYOg1hpmQexLxE8uT","level":"info","service":"credit-gifting-service"}
{"message":"sending success payment pi_1IqqNaLUYOg1hpmQNfYpawo7","level":"info","service":"credit-gifting-service"}
{"message":"sending success payment pi_1Iqs5YLUYOg1hpmQph9teNPG","level":"info","service":"credit-gifting-service"}
{"message":"sending success payment pi_1Iqy3KLUYOg1hpmQxtw6bRTH","level":"info","service":"credit-gifting-service"}
{"message":"sending success payment pi_1Ir0U6LUYOg1hpmQqGLGaUSZ","level":"info","service":"credit-gifting-service"}
{"message":"sending success payment pi_1Ir1o2LUYOg1hpmQ8BuX03qz","level":"info","service":"credit-gifting-service"}
{"message":"sending success payment pi_1Ir2WYLUYOg1hpmQHqc4l0yS","level":"info","service":"credit-gifting-service"}
{"message":"sending success payment pi_1Ir2YbLUYOg1hpmQehhLMZCU","level":"info","service":"credit-gifting-service"}
{"message":"sending success payment pi_1Ir40gLUYOg1hpmQFTSkX1b9","level":"info","service":"credit-gifting-service"}
{"message":"sending success payment pi_1Ir462LUYOg1hpmQWpntgNCf","level":"info","service":"credit-gifting-service"}
{"message":"sending success payment pi_1Ir4QKLUYOg1hpmQOg0nZRJB","level":"info","service":"credit-gifting-service"}
{"message":"sending success payment pi_1Ir5pMLUYOg1hpmQEDWhEkFG","level":"info","service":"credit-gifting-service"}
{"message":"sending success payment pi_1Ir7UeLUYOg1hpmQPxF15TqY","level":"info","service":"credit-gifting-service"}
{"message":"sending success payment pi_1Ir8pvLUYOg1hpmQHIrDEsIl","level":"info","service":"credit-gifting-service"}
{"message":"sending success payment pi_1Ir9J7LUYOg1hpmQE9w0BUZ6","level":"info","service":"credit-gifting-service"}
{"message":"sending success payment pi_1Ir9tdLUYOg1hpmQUWG4XsiO","level":"info","service":"credit-gifting-service"}
{"message":"sending success payment pi_1IrAFRLUYOg1hpmQoqpNlxfi","level":"info","service":"credit-gifting-service"}
{"message":"sending success payment pi_1IrAxjLUYOg1hpmQ60PwLBZy","level":"info","service":"credit-gifting-service"}
{"message":"sending success payment pi_1IrC33LUYOg1hpmQnR2ssUz9","level":"info","service":"credit-gifting-service"}
{"message":"sending success payment pi_1IrCbuLUYOg1hpmQ8tVibV3b","level":"info","service":"credit-gifting-service"}
{"message":"sending success payment pi_1IrDXxLUYOg1hpmQ16KEs5IC","level":"info","service":"credit-gifting-service"}
{"message":"sending success payment pi_1IrEINLUYOg1hpmQ4V2WvvjM","level":"info","service":"credit-gifting-service"}
{"message":"sending success payment pi_1IrF15LUYOg1hpmQgdhuaBtT","level":"info","service":"credit-gifting-service"}
{"message":"sending success payment pi_1IrF1FLUYOg1hpmQThd4nWGu","level":"info","service":"credit-gifting-service"}
{"message":"sending success payment pi_1IrGYLLUYOg1hpmQYVr3O4c9","level":"info","service":"credit-gifting-service"}
{"message":"sending success payment pi_1IrWZZLUYOg1hpmQAN2ugUji","level":"info","service":"credit-gifting-service"}
{"message":"sending success payment pi_1IrYj1LUYOg1hpmQ1slY3A9R","level":"info","service":"credit-gifting-service"}
{"message":"sending success payment pi_1IriUPLUYOg1hpmQAkhOjpWz","level":"info","service":"credit-gifting-service"}
{"message":"sending success payment pi_1IrpWILUYOg1hpmQ0aQR7BHm","level":"info","service":"credit-gifting-service"}
{"message":"sending success payment pi_1IrqGcLUYOg1hpmQ0FhITRuC","level":"info","service":"credit-gifting-service"}
{"message":"sending success payment pi_1IrvbCLUYOg1hpmQ86mIOzkd","level":"info","service":"credit-gifting-service"}
{"message":"sending success payment pi_1Is8FVLUYOg1hpmQ5UxTCMu7","level":"info","service":"credit-gifting-service"}
{"message":"sending success payment pi_1IsDBpLUYOg1hpmQQUEBWVWV","level":"info","service":"credit-gifting-service"}
{"message":"sending success payment pi_1IsDkbLUYOg1hpmQ1Wvq6zmC","level":"info","service":"credit-gifting-service"}
{"message":"sending success payment pi_1IsIOlLUYOg1hpmQ9O37z9X3","level":"info","service":"credit-gifting-service"}
{"message":"sending success payment pi_1IsIfDLUYOg1hpmQSb4oYnBc","level":"info","service":"credit-gifting-service"}
{"message":"sending success payment pi_1IsWAmLUYOg1hpmQGDbqN1rP","level":"info","service":"credit-gifting-service"}
{"message":"sending success payment pi_1IsdjoLUYOg1hpmQXKA9His3","level":"info","service":"credit-gifting-service"}
{"message":"sending success payment pi_1IsyYfLUYOg1hpmQUUe3wWcp","level":"info","service":"credit-gifting-service"}
{"message":"sending success payment pi_1ItCEULUYOg1hpmQNSU9YiNU","level":"info","service":"credit-gifting-service"}
{"message":"sending success payment pi_1ItCLgLUYOg1hpmQO4Sh006N","level":"info","service":"credit-gifting-service"}
{"message":"sending success payment pi_1ItCRLLUYOg1hpmQQnxeUmY7","level":"info","service":"credit-gifting-service"}
{"message":"sending success payment pi_1ItCZKLUYOg1hpmQcR6Ee2ty","level":"info","service":"credit-gifting-service"}
{"message":"sending success payment pi_1ItClCLUYOg1hpmQQSac9Uhg","level":"info","service":"credit-gifting-service"}
{"message":"sending success payment pi_1ItDJjLUYOg1hpmQ4blfIInv","level":"info","service":"credit-gifting-service"}
{"message":"sending success payment pi_1ItDTwLUYOg1hpmQBZn3oI1q","level":"info","service":"credit-gifting-service"}
{"message":"sending success payment pi_1ItDz7LUYOg1hpmQ0fSmlaYZ","level":"info","service":"credit-gifting-service"}
{"message":"sending success payment pi_1ItEF0LUYOg1hpmQPDkYrhw7","level":"info","service":"credit-gifting-service"}
{"message":"sending success payment pi_1ItEUvLUYOg1hpmQuczZxtMO","level":"info","service":"credit-gifting-service"}
{"message":"sending success payment pi_1ItFsSLUYOg1hpmQBrA9wwe2","level":"info","service":"credit-gifting-service"}
{"message":"sending success payment pi_1ItIVALUYOg1hpmQJcAqmB5L","level":"info","service":"credit-gifting-service"}
{"message":"sending success payment pi_1ItL5RLUYOg1hpmQElWNZJZ4","level":"info","service":"credit-gifting-service"}
{"message":"sending success payment pi_1ItNfNLUYOg1hpmQFEbRNSd9","level":"info","service":"credit-gifting-service"}
{"message":"sending success payment pi_1ItPPbLUYOg1hpmQEHVLVYmb","level":"info","service":"credit-gifting-service"}
{"message":"sending success payment pi_1ItPHFLUYOg1hpmQRfhsnagp","level":"info","service":"credit-gifting-service"}
{"message":"sending success payment pi_1ItcrlLUYOg1hpmQ72NDKtAD","level":"info","service":"credit-gifting-service"}
{"message":"sending success payment pi_1ItyDlLUYOg1hpmQt7fgPk4E","level":"info","service":"credit-gifting-service"}
{"message":"sending success payment pi_1ItzSeLUYOg1hpmQVrMCZ4h1","level":"info","service":"credit-gifting-service"}
{"message":"sending success payment pi_3Jv8rXLNjSaTJ8R61y5VghdN","level":"info","service":"credit-gifting-service"}
{"message":"Failed to notify = Smeet Gajjar Test, email = smeetgajjarwork@gmail.com, paymentID = pi_3Jv8rXLNjSaTJ8R61y5VghdN","level":"error","service":"credit-gifting-service"}
{"message":"sending success payment pi_3Jv8uZLNjSaTJ8R60iMp8kHA","level":"info","service":"credit-gifting-service"}
{"message":"Failed to notify = Smeet Gajjar Test, email = smeetgajjarwork@gmail.com, paymentID = pi_3Jv8uZLNjSaTJ8R60iMp8kHA","level":"error","service":"credit-gifting-service"}
{"message":"sending success payment pi_3Jv8y9GVWfRpABIv0q7SxntF","level":"info","service":"credit-gifting-service"}
{"message":"physician_course. sending success payment pi_3JvsTAGVWfRpABIv2QmCIBYR","level":"info","service":"credit-gifting-service"}
{"message":"physician_course. sending success payment pi_3JvsUhGVWfRpABIv06iI0tkP","level":"info","service":"credit-gifting-service"}
{"message":"donation. sending success payment pi_3JvsVUGVWfRpABIv2EVjGl8H","level":"info","service":"credit-gifting-service"}
{"message":"physician_course. sending success payment pi_3JvsesGVWfRpABIv2JCQRXPd","level":"info","service":"credit-gifting-service"}
{"message":"physician_course. sending success payment pi_3JvsgQGVWfRpABIv07rZQSZE","level":"info","service":"credit-gifting-service"}
{"message":"physician_course. sending success payment pi_3JvsgoGVWfRpABIv3ZddzbXO","level":"info","service":"credit-gifting-service"}
{"message":"physician_course. sending success payment pi_3Jx01FGVWfRpABIv2ypJrHkx","level":"info","service":"credit-gifting-service"}
{"message":"physician_course. sending success payment pi_3Jx07cGVWfRpABIv1MIAhLmw","level":"info","service":"credit-gifting-service"}
{"message":"physician_course. sending success payment pi_3Jx0PEGVWfRpABIv0deCp1on","level":"info","service":"credit-gifting-service"}
{"message":"physician_course. sending success payment pi_3K4YiBGVWfRpABIv0dvX2DKI","level":"info","service":"credit-gifting-service"}
{"message":"physician_course. Failed to notify = Smeet Gajjar, email = smeetgajjarwork@gmail.com, paymentID = pi_3K4YiBGVWfRpABIv0dvX2DKI","level":"error","service":"credit-gifting-service"}
{"message":"physician_course. sending success payment pi_3K4YmgGVWfRpABIv2zy4PkMe","level":"info","service":"credit-gifting-service"}
{"message":"physician_course. Failed to notify = Smeet Gajjar, email = smeetgajjarwork@gmail.com, paymentID = pi_3K4YmgGVWfRpABIv2zy4PkMe","level":"error","service":"credit-gifting-service"}
{"message":"error is Error: Invalid login: 535-5.7.8 Username and Password not accepted. Learn more at\n535 5.7.8  https://support.google.com/mail/?p=BadCredentials t14sm3003982ilu.55 - gsmtp info is undefined","level":"error","service":"credit-gifting-service"}
{"message":"physician_course. sending success payment pi_3K4YnsGVWfRpABIv0PLSzGY4","level":"info","service":"credit-gifting-service"}
{"message":"donation. Failed to notify email = smeetgajjarwork@gmail.com","level":"error","service":"credit-gifting-service"}
{"message":"donation. Failed to notify email = smeetgajjarwork@gmail.com","level":"error","service":"credit-gifting-service"}
{"message":"sky_resilience. sending success payment pi_3L2pMjGVWfRpABIv2EiJLQKD","level":"info","service":"credit-gifting-service"}
{"message":"sky_reslience. Failed to notify = Smeet Gajjar Test, email = smeetgajjarwork@gmail.com, paymentID = pi_3L2pMjGVWfRpABIv2EiJLQKD","level":"error","service":"credit-gifting-service"}
{"message":"error is Error: Invalid login: 535-5.7.8 Username and Password not accepted. Learn more at\n535 5.7.8  https://support.google.com/mail/?p=BadCredentials a16-20020ac87210000000b002f39b99f6a0sm5214623qtp.58 - gsmtp info is undefined","level":"error","service":"credit-gifting-service"}
{"message":"sky_resilience. sending success payment pi_3L2pROGVWfRpABIv0LOeH5vC","level":"info","service":"credit-gifting-service"}
{"message":"sky_resilience. sending success payment pi_3L3V8JGVWfRpABIv2c7MxDxW","level":"info","service":"credit-gifting-service"}
{"message":"sky_reslience. Failed to notify = Smeet Gajjar Test, email = smeetgajjarwork@gmail.com, paymentID = pi_3L3V8JGVWfRpABIv2c7MxDxW","level":"error","service":"credit-gifting-service"}
{"message":"error is Error: Invalid login: 535-5.7.8 Username and Password not accepted. Learn more at\n535 5.7.8  https://support.google.com/mail/?p=BadCredentials g6-20020ac84b66000000b002f90a33c78csm122253qts.67 - gsmtp info is undefined","level":"error","service":"credit-gifting-service"}
{"message":"sky_resilience. sending success payment pi_3L3V99GVWfRpABIv1xcUPMOL","level":"info","service":"credit-gifting-service"}
{"message":"sky_resilience. sending success payment pi_3L45UBLUYOg1hpmQ1EJEYUMD","level":"info","service":"credit-gifting-service"}
{"message":"donation. sending success payment pi_3LXQTXLUYOg1hpmQ0cdg3AKB","level":"info","service":"credit-gifting-service"}
{"message":"donation. Failed to notify = Maggie Lind, email = maggie.lind@gmail.com, paymentID = pi_3LXQTXLUYOg1hpmQ0cdg3AKB","level":"error","service":"credit-gifting-service"}
{"message":"physician_course. sending success payment pi_3Lm4c7GVWfRpABIv0vdJzHxy","level":"info","service":"credit-gifting-service"}
{"message":"physician_course. Failed to notify = Smeet Gajjar Test, email = smeetgajjarwork@gmail.com, paymentID = pi_3Lm4c7GVWfRpABIv0vdJzHxy","level":"error","service":"credit-gifting-service"}
{"message":"error is Error: Invalid login: 535-5.7.8 Username and Password not accepted. Learn more at\n535 5.7.8  https://support.google.com/mail/?p=BadCredentials e23-20020a0566380cd700b00352ce4f5e72sm3739783jak.179 - gsmtp info is undefined","level":"error","service":"credit-gifting-service"}
{"message":"donation. sending success payment pi_3Lm4ejGVWfRpABIv2kKRIbuk","level":"info","service":"credit-gifting-service"}
{"message":"donation. Failed to notify = Smeet Gajjar Test, email = smeetgajjarwork@gmail.com, paymentID = pi_3Lm4ejGVWfRpABIv2kKRIbuk","level":"error","service":"credit-gifting-service"}
{"message":"physician_course. sending success payment pi_3Lm4iYGVWfRpABIv3CJIwgZ8","level":"info","service":"credit-gifting-service"}
{"message":"physician_course. sending success payment pi_3Lm4kpGVWfRpABIv3FvJ9eRU","level":"info","service":"credit-gifting-service"}
{"message":"donation. sending success payment pi_3Ln1VNLUYOg1hpmQ1KcQIPkP","level":"info","service":"credit-gifting-service"}
{"message":"physician_course. sending success payment pi_3LvMrULUYOg1hpmQ137s4WN6","level":"info","service":"credit-gifting-service"}
{"message":"donation. sending success payment pi_3M1KvXGVWfRpABIv1rHxBMuG","level":"info","service":"credit-gifting-service"}
{"message":"donation. sending success payment pi_3M1sHJLUYOg1hpmQ1peJWb5H","level":"info","service":"credit-gifting-service"}
{"message":"physician_course. sending success payment pi_3M2QPKGVWfRpABIv2nL10mul","level":"info","service":"credit-gifting-service"}
{"message":"physician_course. sending success payment pi_3M2QfnGVWfRpABIv1MkmGo7X","level":"info","service":"credit-gifting-service"}
{"message":"physician_course. sending success payment pi_3M2QiIGVWfRpABIv2aLv4JAG","level":"info","service":"credit-gifting-service"}
{"message":"physician_course. sending success payment pi_3M2QmuGVWfRpABIv33lg5a8p","level":"info","service":"credit-gifting-service"}
{"message":"physician_course. sending success payment pi_3M2QqVLUYOg1hpmQ0WremBbf","level":"info","service":"credit-gifting-service"}
{"message":"physician_course. sending success payment pi_3M2fADLUYOg1hpmQ1dwRFbbk","level":"info","service":"credit-gifting-service"}
{"message":"physician_course. sending success payment pi_3M2qh2LUYOg1hpmQ0ArCEd6G","level":"info","service":"credit-gifting-service"}
{"message":"physician_course. sending success payment pi_3M3D7PLUYOg1hpmQ1caMzw4H","level":"info","service":"credit-gifting-service"}
{"message":"physician_course. sending success payment pi_3M3UfgLUYOg1hpmQ1V5rwhH0","level":"info","service":"credit-gifting-service"}
{"message":"donation. sending success payment pi_3M6HHcLUYOg1hpmQ1gcAQyCY","level":"info","service":"credit-gifting-service"}
{"message":"donation. sending success payment pi_3M6HU0LUYOg1hpmQ05nnTOML","level":"info","service":"credit-gifting-service"}
{"message":"sky_resilience. sending success payment pi_3M6OD5GVWfRpABIv1Vm4ica5","level":"info","service":"credit-gifting-service"}
{"message":"sky_resilience. sending success payment pi_3M6OFJGVWfRpABIv2nvsf4hc","level":"info","service":"credit-gifting-service"}
{"message":"physician_course. sending success payment pi_3M6OHlGVWfRpABIv2e6eqYta","level":"info","service":"credit-gifting-service"}
{"message":"donation. sending success payment pi_3M6OKAGVWfRpABIv2c3ztJKc","level":"info","service":"credit-gifting-service"}
{"message":"sky_resilience. sending success payment pi_3M6OKbGVWfRpABIv2gjyxMCj","level":"info","service":"credit-gifting-service"}
{"message":"physician_course. sending success payment pi_3M6OLxGVWfRpABIv26mb0fZ5","level":"info","service":"credit-gifting-service"}
{"message":"sky_resilience. sending success payment pi_3M6OMuGVWfRpABIv0qrJzGS4","level":"info","service":"credit-gifting-service"}
{"message":"donation. sending success payment pi_3MaN7oGVWfRpABIv3wkNsxKd","level":"info","service":"credit-gifting-service"}
{"message":"donation. sending success payment pi_3MaNA0GVWfRpABIv3LxJqdls","level":"info","service":"credit-gifting-service"}
{"message":"donation. sending success payment pi_3MaNAsGVWfRpABIv2qYnC0Ns","level":"info","service":"credit-gifting-service"}
{"message":"donation. sending success payment pi_3MaNChGVWfRpABIv1HfITgkJ","level":"info","service":"credit-gifting-service"}
{"message":"donation. sending success payment pi_3MaNDXGVWfRpABIv1Q8vXaF3","level":"info","service":"credit-gifting-service"}
{"message":"donation. sending success payment pi_3MaNG7GVWfRpABIv3t8WajKC","level":"info","service":"credit-gifting-service"}
{"message":"donation. sending success payment pi_3MaNIlGVWfRpABIv3iB21Lzk","level":"info","service":"credit-gifting-service"}
{"message":"donation. sending success payment pi_3MaNKPGVWfRpABIv15ltiMEg","level":"info","service":"credit-gifting-service"}
{"message":"donation. sending success payment pi_3MaNMLGVWfRpABIv3A3c3owd","level":"info","service":"credit-gifting-service"}
{"message":"donation. sending success payment pi_3MbBa4GVWfRpABIv1PDgdc4z","level":"info","service":"credit-gifting-service"}
{"message":"donation. sending success payment pi_3MbBdwGVWfRpABIv3gnipY3t","level":"info","service":"credit-gifting-service"}
{"message":"donation. sending success payment pi_3MbCFcGVWfRpABIv2pVGVmdM","level":"info","service":"credit-gifting-service"}
{"message":"donation. sending success payment pi_3MbCPOGVWfRpABIv09cjcgjs","level":"info","service":"credit-gifting-service"}
{"message":"donation. sending success payment pi_3MbCQqGVWfRpABIv2bAWAgAG","level":"info","service":"credit-gifting-service"}
{"message":"physician_course. sending success payment pi_3MbCZLGVWfRpABIv1u335n3Z","level":"info","service":"credit-gifting-service"}
{"message":"sky_resilience. sending success payment pi_3MbCaWGVWfRpABIv3xRBt1cy","level":"info","service":"credit-gifting-service"}
{"message":"sky_resilience. sending success payment pi_3MbCgXGVWfRpABIv0C1YPzWB","level":"info","service":"credit-gifting-service"}
{"message":"sky_resilience. sending success payment pi_3MbCntGVWfRpABIv3EMycRMc","level":"info","service":"credit-gifting-service"}
{"message":"sky_resilience. sending success payment pi_3MbCpfGVWfRpABIv2xIwTLdm","level":"info","service":"credit-gifting-service"}
{"message":"physician_course. sending success payment pi_3MbCqvGVWfRpABIv1SDiUmdv","level":"info","service":"credit-gifting-service"}
{"message":"physician_course. sending success payment pi_3MbCvZGVWfRpABIv0yGCJX4j","level":"info","service":"credit-gifting-service"}
{"message":"donation. sending success payment pi_3MbCz1GVWfRpABIv3e6SXzW4","level":"info","service":"credit-gifting-service"}
{"message":"donation. sending success payment pi_3MbCzlGVWfRpABIv29qQwGaZ","level":"info","service":"credit-gifting-service"}
{"message":"donation. sending success payment pi_3MbD2VGVWfRpABIv01TlDFYI","level":"info","service":"credit-gifting-service"}
{"message":"donation. sending success payment pi_3MbD4cGVWfRpABIv2Gd21pmy","level":"info","service":"credit-gifting-service"}
{"message":"donation. sending success payment pi_3MbD8sGVWfRpABIv2hdzgC4L","level":"info","service":"credit-gifting-service"}
{"message":"donation. sending success payment pi_3MbDAIGVWfRpABIv0U248cLI","level":"info","service":"credit-gifting-service"}
{"message":"donation. sending success payment pi_3MbDM1GVWfRpABIv0YJx8mqo","level":"info","service":"credit-gifting-service"}
{"message":"donation. sending success payment pi_3MbDMSGVWfRpABIv02KEJRNX","level":"info","service":"credit-gifting-service"}
{"message":"donation. sending success payment pi_3MbDNAGVWfRpABIv0h5bnxCg","level":"info","service":"credit-gifting-service"}
{"message":"donation. sending success payment pi_3MbDO2GVWfRpABIv3vBTe9C6","level":"info","service":"credit-gifting-service"}
{"message":"donation. sending success payment pi_3MbDOVGVWfRpABIv3Jgb7DNh","level":"info","service":"credit-gifting-service"}
{"message":"physician_course. sending success payment pi_3MbDP1GVWfRpABIv1zNClpKO","level":"info","service":"credit-gifting-service"}
{"message":"sky_resilience. sending success payment pi_3MbDPXGVWfRpABIv0r8sKUAg","level":"info","service":"credit-gifting-service"}
{"message":"donation. sending success payment pi_3McemrGVWfRpABIv20VeS6vj","level":"info","service":"credit-gifting-service"}
{"message":"donation. error in sending success email Error: SQLITE_BUSY: database is locked","level":"error","service":"credit-gifting-service"}
{"message":"donation. sending success payment pi_3McenhGVWfRpABIv1Bb8TH5S","level":"info","service":"credit-gifting-service"}
{"message":"donation. sending success payment pi_3McezWGVWfRpABIv15IWTAVL","level":"info","service":"credit-gifting-service"}
{"message":"donation. sending success payment pi_3NhHoqGVWfRpABIv2qNh2yqB","level":"info","service":"credit-gifting-service"}
